[2026-01-19 09:35:54] Déconnexion : maxime
[2026-01-19 09:35:59] Connexion réussie : maxime
[2026-01-19 09:36:00] Déconnexion : maxime
[2026-01-19 09:39:26] Connexion réussie : maxime
[2026-01-19 09:56:19] Déconnexion : maxime
[2026-01-19 09:56:20] Connexion réussie : maxime
[2026-01-19 10:06:30] Déconnexion : maxime
[2026-01-19 10:06:36] Connexion réussie : maxime
[2026-01-19 10:06:47] Déconnexion : maxime
[2026-01-19 10:09:10] Connexion réussie : maxime
[2026-01-19 10:48:42] Déconnexion : maxime
[2026-01-19 10:49:32] Nouvel utilisateur créé : test / test@de.mail
[2026-01-19 10:49:39] Connexion réussie : test
[2026-01-19 10:49:46] Déconnexion : test
[2026-01-19 10:49:49] Connexion réussie : maxime
[2026-01-19 10:49:53] Article 1 supprimé par maxime
[2026-01-19 10:49:56] Déconnexion : maxime
[2026-01-19 10:50:06] Connexion réussie : test
[2026-01-19 10:50:10] Déconnexion : test
[2026-01-19 10:50:15] Connexion réussie : maxime
[2026-01-19 10:52:19] Image uploadée : img_696e5333d8f5e5.45323187.png
[2026-01-19 10:52:19] Erreur ajout article : SQLSTATE[42S22]: Column not found: 1054 Unknown column 'content' in 'INSERT INTO'
[2026-01-20 02:20:04] Déconnexion : maxime
[2026-01-20 02:20:07] Connexion réussie : maxime
[2026-01-20 02:37:51] Erreur ajout article : SQLSTATE[42S22]: Column not found: 1054 Unknown column 'content' in 'INSERT INTO'
[2026-01-20 08:41:23] Déconnexion : maxime
[2026-01-20 08:41:24] Connexion réussie : maxime
[2026-01-20 08:43:14] Article créé : Test par maxime
[2026-01-20 08:43:21] Article 2 supprimé par maxime
[2026-01-20 08:46:24] Déconnexion : maxime
[2026-01-20 08:48:45] Connexion réussie : maxime
[2026-01-20 08:49:01] Déconnexion : maxime
[2026-01-20 08:49:04] Connexion réussie : test
[2026-01-20 08:49:06] Déconnexion : test
[2026-01-20 08:49:16] Connexion réussie : maxime
[2026-01-20 08:52:48] Déconnexion : maxime
[2026-01-20 08:52:50] Connexion réussie : maxime
[2026-01-20 08:53:00] Article créé : Test par maxime
[2026-01-20 08:53:10] Article 3 modifié par maxime
[2026-01-20 08:53:18] Article 3 modifié par maxime
[2026-01-20 08:53:24] Article 3 supprimé par maxime
[2026-01-20 08:55:17] Article créé : Test par maxime
[2026-01-20 08:55:29] Article 'Test' supprimé par maxime
[2026-01-20 09:00:11] Article créé : Test par maxime
[2026-01-20 09:01:45] Déconnexion : maxime
[2026-01-20 09:01:48] Connexion réussie : test
[2026-01-20 09:01:51] Déconnexion : test
[2026-01-20 09:01:54] Connexion réussie : maxime
[2026-01-20 09:04:48] Image uploadée : img_696f3720d3b151.02858008.png
[2026-01-20 09:04:48] Article 'Test' modifié par maxime
[2026-01-20 09:04:58] Déconnexion : maxime
[2026-01-20 09:05:01] Connexion réussie : test
[2026-01-20 09:20:55] Déconnexion : test
[2026-01-20 09:21:00] Connexion réussie : maxime
[2026-01-20 09:21:07] Erreur récupération stats : SQLSTATE[42S02]: Base table or view not found: 1146 Table 'if0_40940109_bdd.comments' doesn't exist
[2026-01-20 09:21:07] Erreur récupération articles aimés : SQLSTATE[42S02]: Base table or view not found: 1146 Table 'if0_40940109_bdd.likes' doesn't exist
[2026-01-20 09:21:07] Erreur récupération commentaires : SQLSTATE[42S02]: Base table or view not found: 1146 Table 'if0_40940109_bdd.comments' doesn't exist
[2026-01-20 09:21:17] Erreur comptage likes : SQLSTATE[42S02]: Base table or view not found: 1146 Table 'if0_40940109_bdd.likes' doesn't exist
[2026-01-20 09:21:17] Erreur récupération commentaires : SQLSTATE[42S02]: Base table or view not found: 1146 Table 'if0_40940109_bdd.comments' doesn't exist
[2026-01-20 09:21:33] Déconnexion : maxime
[2026-01-20 09:21:36] Connexion réussie : test
[2026-01-20 09:21:38] Erreur comptage likes : SQLSTATE[42S02]: Base table or view not found: 1146 Table 'if0_40940109_bdd.likes' doesn't exist
[2026-01-20 09:21:38] Erreur récupération commentaires : SQLSTATE[42S02]: Base table or view not found: 1146 Table 'if0_40940109_bdd.comments' doesn't exist
[2026-01-20 09:21:42] Erreur comptage likes : SQLSTATE[42S02]: Base table or view not found: 1146 Table 'if0_40940109_bdd.likes' doesn't exist
[2026-01-20 09:21:42] Erreur toggle like : SQLSTATE[42S02]: Base table or view not found: 1146 Table 'if0_40940109_bdd.likes' doesn't exist
[2026-01-20 09:21:42] Erreur récupération commentaires : SQLSTATE[42S02]: Base table or view not found: 1146 Table 'if0_40940109_bdd.comments' doesn't exist
[2026-01-20 09:21:57] Erreur comptage likes : SQLSTATE[42S02]: Base table or view not found: 1146 Table 'if0_40940109_bdd.likes' doesn't exist
[2026-01-20 09:21:57] Erreur ajout commentaire : SQLSTATE[42S02]: Base table or view not found: 1146 Table 'if0_40940109_bdd.comments' doesn't exist
[2026-01-20 09:21:57] Erreur récupération commentaires : SQLSTATE[42S02]: Base table or view not found: 1146 Table 'if0_40940109_bdd.comments' doesn't exist
[2026-01-20 09:22:00] Déconnexion : test
[2026-01-20 09:22:03] Connexion réussie : maxime
[2026-01-20 09:25:55] Déconnexion : maxime
[2026-01-20 09:25:56] Connexion réussie : maxime
[2026-01-20 09:28:31] Déconnexion : maxime
[2026-01-20 09:28:34] Connexion réussie : test
[2026-01-20 09:28:38] Article 'Test' liké par test
[2026-01-20 09:28:52] Commentaire ajouté sur 'Test' par test
[2026-01-20 09:46:55] Déconnexion : test
[2026-01-20 09:48:33] Connexion réussie : test
[2026-01-20 10:53:58] Déconnexion : test
[2026-01-20 10:54:23] Connexion réussie : maxime
[2026-01-20 11:49:51] Déconnexion : maxime
[2026-01-20 12:15:04] Connexion réussie : test
[2026-01-20 12:15:25] Article 'Test' unliké par test
[2026-01-20 12:15:28] Article 'Test' liké par test
[2026-01-20 12:15:44] Déconnexion : test
[2026-01-20 12:15:47] Connexion réussie : maxime
[2026-01-20 12:16:38] Déconnexion : maxime
[2026-01-21 14:21:53] Connexion réussie : maxime
[2026-01-21 14:22:26] Déconnexion : maxime
[2026-01-21 14:24:52] Connexion réussie : maxime
[2026-01-21 14:25:33] Déconnexion : maxime
[2026-01-21 14:25:34] Connexion réussie : maxime
[2026-01-21 14:25:35] Déconnexion : maxime
[2026-01-21 14:25:57] Connexion réussie : maxime
[2026-01-21 14:26:05] Déconnexion : maxime
[2026-01-21 14:26:14] Connexion réussie : maxime
[2026-01-21 14:26:17] Déconnexion : maxime
[2026-01-21 14:26:33] Connexion réussie : maxime
[2026-01-21 14:26:39] Déconnexion : maxime
[2026-01-21 14:38:52] Connexion réussie : maxime
[2026-01-21 14:39:16] Connexion réussie : maxime
[2026-01-21 14:49:40] Déconnexion : maxime
[2026-01-21 14:49:43] Connexion réussie : maxime
[2026-01-21 14:51:27] Déconnexion : maxime
[2026-01-21 14:51:35] Connexion réussie : maxime
[2026-01-21 14:51:36] Déconnexion : maxime
[2026-01-21 14:51:40] Connexion réussie : test
[2026-01-21 14:51:41] Déconnexion : test
[2026-01-21 14:52:33] Connexion réussie : test
[2026-01-21 14:52:35] Déconnexion : test
[2026-01-21 14:52:38] Connexion réussie : maxime
[2026-01-21 14:53:29] Connexion réussie : maxime
[2026-01-21 14:54:01] Article 'Test' liké par maxime
[2026-01-21 14:58:54] Déconnexion : maxime
[2026-01-21 15:00:41] Connexion réussie : maxime
[2026-01-21 15:00:44] Déconnexion : maxime
[2026-01-21 15:05:32] Connexion réussie : maxime
[2026-01-21 15:07:28] Image uploadée : img_6970dda0a95204.56774445.png
[2026-01-21 15:07:28] Article créé : TROUBAIRITZ par maxime
[2026-01-21 15:09:00] Déconnexion : maxime
[2026-01-21 15:09:03] Connexion réussie : test
[2026-01-21 15:09:08] Déconnexion : test
[2026-01-21 15:09:10] Connexion réussie : maxime
[2026-01-21 15:09:46] Image uploadée : img_6970de2a5d09c3.40566639.png
[2026-01-21 15:09:46] Article créé : LA CONSTRUCTION PSYCHOLOGIQUE DE L’IMAGE DU ROI RENE par maxime
[2026-01-21 15:19:49] Déconnexion : maxime
[2026-01-21 15:19:52] Connexion réussie : maxime
[2026-01-21 15:21:39] Déconnexion : maxime
[2026-01-21 15:21:45] Connexion réussie : maxime
[2026-01-21 15:22:10] Déconnexion : maxime
[2026-01-21 15:22:18] Connexion réussie : maxime
[2026-01-21 15:23:48] Article 'LA CONSTRUCTION PSYCHOLOGIQUE DE L’IMAGE DU ROI RENE' liké par maxime
[2026-01-21 15:34:36] Article supprimé : Test par maxime
[2026-01-21 15:37:10] Image uploadée : img_6970e496303ab2.78727020.png
[2026-01-21 15:37:10] Slide carrousel créé : TEST par maxime
[2026-01-21 15:37:42] Slide carrousel supprimé : TEST par maxime
[2026-01-21 15:38:12] Image uploadée : img_6970e4d483f950.42473118.png
[2026-01-21 15:38:12] Slide carrousel créé : TEST SLIDE par maxime
[2026-01-21 15:43:07] Slide carrousel supprimé : TEST SLIDE par maxime
[2026-01-21 15:43:16] Image uploadée : img_6970e6044243a4.23465214.png
[2026-01-21 15:43:16] Image uploadée : img_6970e60442da93.99764839.png
[2026-01-21 15:43:16] 2 slides carrousel créés par maxime
[2026-01-21 15:43:44] Slide carrousel supprimé : TEST par maxime
[2026-01-21 15:43:46] Statut slide carrousel changé (ID: 4) par maxime
[2026-01-21 15:43:56] Slide carrousel supprimé : TEST #2 par maxime
[2026-01-21 15:46:30] Image uploadée : img_6970e6c6224fc5.79063764.png
[2026-01-21 15:46:30] 1 slides carrousel créés par maxime
[2026-01-21 15:48:31] Image uploadée : img_6970e73f5b2fa5.05528826.png
[2026-01-21 15:48:31] 1 slides carrousel créés par maxime
[2026-01-21 15:48:38] Image uploadée : img_6970e74637b211.25848826.png
[2026-01-21 15:48:38] 1 slides carrousel créés par maxime
[2026-01-21 15:56:43] Slide carrousel supprimé : TEST DES SLIDES par maxime
[2026-01-21 15:56:46] Slide carrousel supprimé : TEST DES SLIDES par maxime
[2026-01-21 15:56:49] Slide carrousel supprimé : TEST DES SLIDES par maxime
[2026-01-21 15:57:59] Image uploadée : img_6970e9771980f6.70930774.png
[2026-01-21 15:57:59] Image uploadée : img_6970e9771a01e5.50255655.png
[2026-01-21 15:57:59] 2 slides carrousel créés par maxime
[2026-01-21 16:06:39] Image uploadée : img_6970eb7f6600c4.11813754.png
[2026-01-21 16:06:39] Article créé : LA CONSTRUCTION PSYCHOLOGIQUE DE L’IMAGE DU ROI RENE par maxime
[2026-01-21 16:06:44] Article supprimé : LA CONSTRUCTION PSYCHOLOGIQUE DE L’IMAGE DU ROI RENE par maxime
[2026-01-21 16:07:32] Slide carrousel supprimé : TEST par maxime
[2026-01-21 16:07:34] Slide carrousel supprimé : TEST #2 par maxime
[2026-01-21 16:08:09] Article 'LA CONSTRUCTION PSYCHOLOGIQUE DE L’IMAGE DU ROI RENE' liké par maxime
[2026-01-21 16:08:13] Article 'LA CONSTRUCTION PSYCHOLOGIQUE DE L’IMAGE DU ROI RENE' unliké par maxime
[2026-01-21 16:08:18] Commentaire ajouté sur 'LA CONSTRUCTION PSYCHOLOGIQUE DE L’IMAGE DU ROI RENE' par maxime
[2026-01-21 16:08:22] Commentaire supprimé sur 'LA CONSTRUCTION PSYCHOLOGIQUE DE L’IMAGE DU ROI RENE' par maxime
[2026-01-21 16:08:39] Article 'LA CONSTRUCTION PSYCHOLOGIQUE DE L’IMAGE DU ROI RENE' liké par maxime
[2026-01-21 16:32:20] Article créé : TEST par maxime
[2026-01-21 16:32:33] Article supprimé : TROUBAIRITZ par maxime
[2026-01-21 16:32:36] Article supprimé : LA CONSTRUCTION PSYCHOLOGIQUE DE L’IMAGE DU ROI RENE par maxime
[2026-01-21 16:32:38] Article supprimé : TEST par maxime
[2026-01-21 16:33:52] Image uploadée : img_6970f1e0246367.00169762.jpeg
[2026-01-21 16:33:52] Article créé : ARISTOTE par maxime
[2026-01-21 16:35:32] Image uploadée : img_6970f244eb25f3.01729850.jpg
[2026-01-21 16:35:32] Article créé : AUX RACINES DE L’HUMANISME par maxime
[2026-01-21 16:36:16] Déconnexion : maxime
[2026-01-21 16:37:35] Nouvel utilisateur créé : Anastasia Chopplet / Chopplet@pas.mail
[2026-01-21 16:37:48] Connexion réussie : Anastasia Chopplet
[2026-01-21 16:38:04] Déconnexion : Anastasia Chopplet
[2026-01-21 16:38:06] Connexion réussie : maxime
[2026-01-21 16:38:13] Rôle changé pour user ID 3 vers admin par maxime
[2026-01-21 16:38:15] Déconnexion : maxime
[2026-01-21 16:38:18] Connexion réussie : Anastasia Chopplet
[2026-01-21 16:38:28] Article modifié : ARISTOTE par Anastasia Chopplet
[2026-01-21 16:38:39] Article supprimé : ARISTOTE par Anastasia Chopplet
[2026-01-21 16:38:42] Article supprimé : AUX RACINES DE L’HUMANISME par Anastasia Chopplet
[2026-01-21 16:39:08] Image uploadée : img_6970f31c273d64.69280629.jpeg
[2026-01-21 16:39:08] Article créé : ARISTOTE par Anastasia Chopplet
[2026-01-21 16:39:40] Image uploadée : img_6970f33c7ea628.26052007.jpg
[2026-01-21 16:39:40] Article créé : AUX RACINES DE L’HUMANISME par Anastasia Chopplet
[2026-01-21 16:40:35] Image uploadée : img_6970f373182256.36288914.jpg
[2026-01-21 16:40:35] Article créé : LES FEMMES PHILOSOPHES par Anastasia Chopplet
[2026-01-21 16:41:19] Image uploadée : img_6970f39f7e3151.63046103.jpg
[2026-01-21 16:41:19] Article créé : LA LITTERATURE ET LA PENSÉE POLITIQUE par Anastasia Chopplet
[2026-01-21 16:42:29] Image uploadée : img_6970f3e55db9a9.25554996.jpeg
[2026-01-21 16:42:29] Article créé : LES TAOLENNOU OU TABLEAUX DE MISSION par Anastasia Chopplet
[2026-01-21 16:43:09] Image uploadée : img_6970f40d585ca5.57409053.jpg
[2026-01-21 16:43:09] Article modifié : LA LITTERATURE ET LA PENSÉE POLITIQUE par Anastasia Chopplet
[2026-01-21 16:53:11] Tentative d'upload avec extension non autorisée : pdf
